<?xml version="1.0" encoding="UTF-8"?>
<testsuite xmlns:xsi="http://www.w3.org/2001/XMLSchema-instance" xsi:noNamespaceSchemaLocation="https://maven.apache.org/surefire/maven-surefire-plugin/xsd/surefire-test-report.xsd" name="cucumberTest2.TestRunner2" time="9.921" tests="4" errors="0" skipped="0" failures="0">
  <properties>
[...]
</properties>
  <testcase name="Given User is on web page" classname="Scenario: Succesful view the website with placeholders" time="0.001"/>
  <testcase name="When User sees a table and two graphs" classname="Scenario: Succesful view the website with placeholders" time="0"/>
  <testcase name="Then User close web page" classname="Scenario: Succesful view the website with placeholders" time="0"/>
  <testcase name="Scenario: Succesful view the website with placeholders" classname="Scenario: Succesful view the website with placeholders" time="0"/>
</testsuite>